CS240: lab6. cs240 Tue Mar 31 00:09:52 EDT 2015  Total:  0 of 12

CS240: lab6. cs240 Tue Mar 31 00:10:08 EDT 2015  Total:  12 of 12

CS240: lab6. cs240 Tue Mar 31 00:11:07 EDT 2015  Total:  0 of 12

CS240: lab6. cs240 Tue Mar 31 00:11:39 EDT 2015  Total:  0 of 12

CS240: lab6. cs240 Tue Mar 31 00:13:58 EDT 2015  Total:  0 of 12

CS240: lab6. cs240 Mon Apr 13 14:14:57 EDT 2015  Total:  0 of 62

CS240: lab10. cs240 Sun Apr 2 19:37:56 EDT 2017  Total:  0 of 50

CS240: lab10. cs240 Sun Apr 2 19:40:33 EDT 2017  Total:  0 of 50

CS240: lab10. wang2226 Sun Apr 9 11:55:13 EDT 2017  Total:  0 of 50

CS240: lab10. wang2226 Sun Apr 9 20:44:12 EDT 2017  Total:  0 of 50

CS240: lab10. wang2226 Sun Apr 9 20:58:36 EDT 2017  Total:  5 of 50

CS240: lab10. wang2226 Sun Apr 9 21:01:44 EDT 2017  Total:  0 of 50

CS240: lab10. wang2226 Sun Apr 9 21:04:22 EDT 2017  Total:  15 of 50

CS240: lab10. wang2226 Sun Apr 9 21:07:44 EDT 2017  Total:  20 of 50

CS240: lab10. wang2226 Sun Apr 9 21:11:59 EDT 2017  Total:  20 of 50

CS240: lab10. wang2226 Sun Apr 9 23:44:07 EDT 2017  Total:  20 of 50

CS240: lab10. wang2226 Mon Apr 10 00:50:24 EDT 2017  Total:  20 of 50

CS240: lab10. wang2226 Mon Apr 10 00:54:48 EDT 2017  Total:  20 of 50

CS240: lab10. wang2226 Mon Apr 10 01:23:34 EDT 2017  Total:  20 of 50

CS240: lab10. wang2226 Mon Apr 10 02:14:08 EDT 2017  Total:  0 of 50

CS240: lab10. wang2226 Mon Apr 10 02:18:09 EDT 2017  Total:  15 of 50

CS240: lab10. wang2226 Mon Apr 10 02:34:03 EDT 2017  Total:  20 of 50

CS240: lab10. wang2226 Mon Apr 10 02:40:56 EDT 2017  Total:  30 of 50

CS240: lab10. wang2226 Mon Apr 10 02:56:39 EDT 2017  Total:  30 of 50

CS240: lab10. wang2226 Mon Apr 10 03:14:30 EDT 2017  Total:  5 of 50

CS240: lab10. wang2226 Mon Apr 10 03:19:32 EDT 2017  Total:  30 of 50

CS240: lab10. wang2226 Mon Apr 10 03:34:42 EDT 2017  Total:  30 of 50

CS240: lab10. wang2226 Mon Apr 10 04:05:05 EDT 2017  Total:  30 of 50

CS240: lab10. wang2226 Mon Apr 10 04:12:27 EDT 2017  Total:  30 of 50

CS240: lab10. wang2226 Mon Apr 10 04:52:02 EDT 2017  Total:  30 of 50

CS240: lab10. wang2226 Mon Apr 10 05:35:55 EDT 2017  Total:  30 of 50

CS240: lab10. wang2226 Mon Apr 10 05:39:16 EDT 2017  Total:  30 of 50

CS240: lab10. wang2226 Mon Apr 10 05:43:08 EDT 2017  Total:  30 of 50

CS240: lab10. wang2226 Mon Apr 10 05:44:44 EDT 2017  Total:  30 of 50

CS240: lab10. wang2226 Mon Apr 10 05:46:31 EDT 2017  Total:  35 of 50

CS240: lab10. wang2226 Mon Apr 10 14:16:27 EDT 2017  Total:  35 of 50

CS240: lab10. wang2226 Mon Apr 10 22:11:43 EDT 2017  Total:  30 of 50

CS240: lab10. wang2226 Mon Apr 10 22:17:54 EDT 2017  Total:  35 of 50

CS240: lab10. wang2226 Tue Apr 11 01:55:17 EDT 2017  Total:  5 of 50

CS240: lab10. wang2226 Tue Apr 11 02:03:24 EDT 2017  Total:  15 of 50

CS240: lab10. wang2226 Tue Apr 11 02:16:52 EDT 2017  Total:  20 of 50

CS240: lab10. wang2226 Tue Apr 11 04:32:10 EDT 2017  Total:  30 of 50

CS240: lab10. wang2226 Tue Apr 11 04:57:34 EDT 2017  Total:  35 of 50

CS240: lab10. wang2226 Tue Apr 11 05:16:04 EDT 2017  Total:  40 of 50

CS240: lab10. wang2226 Tue Apr 11 06:49:20 EDT 2017  Total:  40 of 50

CS240: lab10. wang2226 Tue Apr 11 06:52:25 EDT 2017  Total:  40 of 50

CS240: lab10. wang2226 Tue Apr 11 06:59:30 EDT 2017  Total:  45 of 50

CS240: lab10. wang2226 Tue Apr 11 07:02:54 EDT 2017  Total:  50 of 50

CS240: lab10. wang2226 Tue Apr 11 07:09:33 EDT 2017  Total:  40 of 50

CS240: lab10. wang2226 Tue Apr 11 07:23:51 EDT 2017  Total:  45 of 50

CS240: lab10. wang2226 Tue Apr 11 07:33:12 EDT 2017  Total:  40 of 50

CS240: lab10. wang2226 Tue Apr 11 08:08:36 EDT 2017  Total:  45 of 50

CS240: lab10. wang2226 Tue Apr 11 08:20:29 EDT 2017  Total:  35 of 50

CS240: lab10. wang2226 Tue Apr 11 08:24:33 EDT 2017  Total:  45 of 50

CS240: lab10. wang2226 Tue Apr 11 08:34:59 EDT 2017  Total:  40 of 50

CS240: lab10. wang2226 Tue Apr 11 08:48:05 EDT 2017  Total:  45 of 50

CS240: lab10. wang2226 Tue Apr 11 09:01:11 EDT 2017  Total:  50 of 50

CS240: lab10. wang2226 Tue Apr 11 09:06:35 EDT 2017  Total:  45 of 50

CS240: lab10. wang2226 Tue Apr 11 10:02:40 EDT 2017  Total:  45 of 50

CS240: lab10. wang2226 Tue Apr 11 10:16:24 EDT 2017  Total:  45 of 50

CS240: lab10. wang2226 Tue Apr 11 10:18:23 EDT 2017  Total:  50 of 50

CS240: lab10. wang2226 Tue Apr 11 10:24:45 EDT 2017  Total:  50 of 50

CS240: lab10. wang2226 Tue Apr 11 10:29:50 EDT 2017  Total:  50 of 50

CS240: lab10. wang2226 Tue Apr 11 10:31:09 EDT 2017  Total:  50 of 50

CS240: lab10. wang2226 Tue Apr 11 10:35:33 EDT 2017  Total:  50 of 50

CS240: lab10. wang2226 Tue Apr 11 10:38:22 EDT 2017  Total:  50 of 50

CS240: lab10. wang2226 Tue Apr 11 10:58:20 EDT 2017  Total:  50 of 50

CS240: lab10. wang2226 Tue Apr 11 11:01:26 EDT 2017  Total:  50 of 50

CS240: lab10. wang2226 Tue Apr 11 15:58:35 EDT 2017  Total:  50 of 50

CS240: lab10. wang2226 Wed Apr 12 12:13:52 EDT 2017  Total:  50 of 50

CS240: lab10. wang2226 Fri Apr 14 13:36:11 EDT 2017  Total:  50 of 50

CS240: lab10. wang2226 Fri Apr 21 13:13:24 EDT 2017  Total:  50 of 50

CS240: lab10. wang2226 Tue Apr 25 02:47:19 EDT 2017  Total:  50 of 50

CS240: lab10. wang2226 Tue Apr 25 23:07:23 EDT 2017  Total:  50 of 50

